#
# An unexpected error has been detected by HotSpot Virtual Machine:
#
#  EXCEPTION_ACCESS_VIOLATION (0xc0000005) at pc=0x7c930c8e, pid=1580, tid=3880
#
# Java VM: Java HotSpot(TM) Client VM (1.5.0_09-b01 mixed mode)
# Problematic frame:
# C  [ntdll.dll+0x10c8e]
#

---------------  T H R E A D  ---------------

Current thread (0x0e241488):  JavaThread "CompilerThread0" daemon [_thread_in_vm, id=3880]

siginfo: ExceptionCode=0xc0000005, reading address 0x00000000

Registers:
EAX=0x00000000, EBX=0x02380000, ECX=0x0eff3788, EDX=0x02380378
ESP=0x0e86f8c4, EBP=0x0e86fae4, ESI=0x0eff3780, EDI=0x00000000
EIP=0x7c930c8e, EFLAGS=0x00010202

Top of Stack: (sp=0x0e86f8c4)
0x0e86f8c4:   1479eac8 000001c0 0ee66cd0 00000009
0x0e86f8d4:   00000000 0ee68ed0 6d6d300e 0e86f9dc
0x0e86f8e4:   00000003 0ecf8028 0ecf8008 00000003
0x0e86f8f4:   00000000 6d7b265a 0e86f99c 0e86f9a0
0x0e86f904:   6d710512 0ecf8008 6d6e4291 0ecf8008
0x0e86f914:   fffffd87 0ecf71c8 0e86f944 6d6f2ff9
0x0e86f924:   00000803 00000004 6d6db622 00000001
0x0e86f934:   0e86fc98 6d7108c1 0e2416b8 00000006 

Instructions: (pc=0x7c930c8e)
0x7c930c7e:   39 89 bd 0c ff ff ff 8b 46 0c 89 85 68 ff ff ff
0x7c930c8e:   8b 10 3b 57 04 0f 85 e4 5e 02 00 3b d1 0f 85 dc 


Stack: [0x0e770000,0x0e870000),  sp=0x0e86f8c4,  free space=1022k
Native frames: (J=compiled Java code, j=interpreted, Vv=VM code, C=native code)
C  [ntdll.dll+0x10c8e]
C  [msvcrt.dll+0x1c3c9]
C  [msvcrt.dll+0x1c3e7]
C  [msvcrt.dll+0x1c42e]


Current CompileTask:
HotSpot Client Compiler:1838   b  macromedia.asc.parser.NodeFactory.binaryProgram(Lmacromedia/asc/util/Context;Lmacromedia/asc/parser/StatementListNode;I)Lmacromedia/asc/parser/BinaryProgramNode; (59 bytes)


---------------  P R O C E S S  ---------------

Java Threads: ( => current thread )
  0x0e2426e8 JavaThread "Low Memory Detector" daemon [_thread_blocked, id=2860]
=>0x0e241488 JavaThread "CompilerThread0" daemon [_thread_in_vm, id=3880]
  0x0e2407e8 JavaThread "Signal Dispatcher" daemon [_thread_blocked, id=3288]
  0x0e232c78 JavaThread "Finalizer" daemon [_thread_blocked, id=3856]
  0x0e232160 JavaThread "Reference Handler" daemon [_thread_blocked, id=3404]
  0x0e170700 JavaThread "main" [_thread_blocked, id=4040]

Other Threads:
  0x0e22df20 VMThread [id=1724]
  0x0e2404f8 WatcherThread [id=3468]

VM state:not at safepoint (normal execution)

VM Mutex/Monitor currently owned by a thread:  ([mutex/lock_event])
[0x0238f940/0x0000048c] CodeCache_lock - owner thread: 0x0e241488
[0x0e1700b8/0x0000058c] MethodCompileQueue_lock - owner thread: 0x0e241488

Heap
 def new generation   total 576K, used 278K [0x161d0000, 0x16270000, 0x166b0000)
  eden space 512K,  41% used [0x161d0000, 0x16205948, 0x16250000)
  from space 64K, 100% used [0x16250000, 0x16260000, 0x16260000)
  to   space 64K,   0% used [0x16260000, 0x16260000, 0x16270000)
 tenured generation   total 5792K, used 5638K [0x166b0000, 0x16c58000, 0x1a1d0000)
   the space 5792K,  97% used [0x166b0000, 0x16c31b20, 0x16c31c00, 0x16c58000)
 compacting perm gen  total 11264K, used 11162K [0x1a1d0000, 0x1acd0000, 0x1e1d0000)
   the space 11264K,  99% used [0x1a1d0000, 0x1acb6898, 0x1acb6a00, 0x1acd0000)
No shared spaces configured.

Dynamic libraries:
0x00400000 - 0x0188c000 	D:\PROGRA~1\Adobe\ADOBEF~1\Flash.exe
0x7c920000 - 0x7c9b6000 	C:\WINDOWS\system32\ntdll.dll
0x7c800000 - 0x7c91e000 	C:\WINDOWS\system32\kernel32.dll
0x10000000 - 0x10309000 	D:\PROGRA~1\Adobe\ADOBEF~1\amtlib.dll
0x77f40000 - 0x77fb6000 	C:\WINDOWS\system32\SHLWAPI.dll
0x77da0000 - 0x77e49000 	C:\WINDOWS\system32\ADVAPI32.dll
0x77e50000 - 0x77ee2000 	C:\WINDOWS\system32\RPCRT4.dll
0x77fc0000 - 0x77fd1000 	C:\WINDOWS\system32\Secur32.dll
0x77ef0000 - 0x77f39000 	C:\WINDOWS\system32\GDI32.dll
0x77d10000 - 0x77da0000 	C:\WINDOWS\system32\USER32.dll
0x77be0000 - 0x77c38000 	C:\WINDOWS\system32\msvcrt.dll
0x5fdd0000 - 0x5fe25000 	C:\WINDOWS\system32\NETAPI32.dll
0x71a20000 - 0x71a37000 	C:\WINDOWS\system32\WS2_32.dll
0x71a10000 - 0x71a18000 	C:\WINDOWS\system32\WS2HELP.dll
0x77180000 - 0x77283000 	C:\WINDOWS\WinSxS\x86_Microsoft.Windows.Common-Controls_6595b64144ccf1df_6.0.2600.5512_x-ww_35d4ce83\COMCTL32.dll
0x4a410000 - 0x4a469000 	C:\WINDOWS\system32\WINHTTP.dll
0x76320000 - 0x76367000 	C:\WINDOWS\system32\comdlg32.dll
0x7d590000 - 0x7dd84000 	C:\WINDOWS\system32\SHELL32.dll
0x77bd0000 - 0x77bd8000 	C:\WINDOWS\system32\VERSION.dll
0x76b10000 - 0x76b3a000 	C:\WINDOWS\system32\WINMM.dll
0x73ac0000 - 0x73ad7000 	C:\WINDOWS\system32\AVIFIL32.dll
0x76990000 - 0x76acd000 	C:\WINDOWS\system32\ole32.dll
0x77bb0000 - 0x77bc5000 	C:\WINDOWS\system32\MSACM32.dll
0x73b40000 - 0x73b60000 	C:\WINDOWS\system32\MSVFW32.dll
0x76bc0000 - 0x76bcb000 	C:\WINDOWS\system32\PSAPI.DLL
0x76300000 - 0x7631d000 	C:\WINDOWS\system32\IMM32.dll
0x12000000 - 0x121cb000 	D:\PROGRA~1\Adobe\ADOBEF~1\xerces-c_2_6.dll
0x78130000 - 0x781cb000 	C:\WINDOWS\WinSxS\x86_Microsoft.VC80.CRT_1fc8b3b9a1e18e3b_8.0.50727.4053_x-ww_e6967989\MSVCR80.dll
0x32100000 - 0x321b4000 	D:\PROGRA~1\Adobe\ADOBEF~1\Workspace.dll
0x4ae90000 - 0x4b03b000 	C:\WINDOWS\WinSxS\x86_Microsoft.Windows.GdiPlus_6595b64144ccf1df_1.0.6001.22319_x-ww_f0b4c2df\gdiplus.dll
0x01890000 - 0x019ce000 	D:\PROGRA~1\Adobe\ADOBEF~1\dvacore.dll
0x770f0000 - 0x7717b000 	C:\WINDOWS\system32\OLEAUT32.dll
0x7c420000 - 0x7c4a7000 	C:\WINDOWS\WinSxS\x86_Microsoft.VC80.CRT_1fc8b3b9a1e18e3b_8.0.50727.4053_x-ww_e6967989\MSVCP80.dll
0x019d0000 - 0x01c04000 	D:\PROGRA~1\Adobe\ADOBEF~1\dvaui.dll
0x01c10000 - 0x01d4c000 	D:\PROGRA~1\Adobe\ADOBEF~1\AdobeOwl.dll
0x782e0000 - 0x783ef000 	C:\WINDOWS\WinSxS\x86_Microsoft.VC80.MFC_1fc8b3b9a1e18e3b_8.0.50727.4053_x-ww_b77cec8e\MFC80U.DLL
0x762f0000 - 0x762f5000 	C:\WINDOWS\system32\MSIMG32.dll
0x01d50000 - 0x01d63000 	D:\PROGRA~1\Adobe\ADOBEF~1\AlcidDLL.dll
0x01d70000 - 0x01d7e000 	D:\PROGRA~1\Adobe\ADOBEF~1\ahclient.dll
0x01d90000 - 0x01d9d000 	D:\PROGRA~1\Adobe\ADOBEF~1\CrashReporter.dll
0x68d60000 - 0x68e01000 	C:\WINDOWS\system32\dbghelp.dll
0x01db0000 - 0x01dbf000 	D:\PROGRA~1\Adobe\ADOBEF~1\LogUtils.dll
0x01dd0000 - 0x01de8000 	D:\PROGRA~1\Adobe\ADOBEF~1\LogTransport.dll
0x01e00000 - 0x01e1a000 	D:\PROGRA~1\Adobe\ADOBEF~1\LogSession.dll
0x01e30000 - 0x01e46000 	D:\PROGRA~1\Adobe\ADOBEF~1\LogTransport2.dll
0x76060000 - 0x761b6000 	C:\WINDOWS\system32\SETUPAPI.dll
0x3e410000 - 0x3e4f6000 	C:\WINDOWS\system32\WININET.dll
0x01e60000 - 0x01e69000 	C:\WINDOWS\system32\Normaliz.dll
0x43ce0000 - 0x43e12000 	C:\WINDOWS\system32\urlmon.dll
0x3eab0000 - 0x3ec98000 	C:\WINDOWS\system32\iertutil.dll
0x62c20000 - 0x62c29000 	C:\WINDOWS\system32\LPK.DLL
0x73fa0000 - 0x7400b000 	C:\WINDOWS\system32\USP10.dll
0x5d360000 - 0x5d36a000 	C:\WINDOWS\WinSxS\x86_Microsoft.VC80.MFCLOC_1fc8b3b9a1e18e3b_8.0.50727.4053_x-ww_0ccc058c\MFC80CHS.DLL
0x02c10000 - 0x02cad000 	D:\PROGRA~1\Adobe\ADOBEF~1\amtservices.dll
0x02cd0000 - 0x02d07000 	D:\PROGRA~1\Adobe\ADOBEF~1\adobe_caps.dll
0x5adc0000 - 0x5adf7000 	C:\WINDOWS\system32\uxtheme.dll
0x74680000 - 0x746cc000 	C:\WINDOWS\system32\MSCTF.dll
0x76cb0000 - 0x76cd0000 	C:\WINDOWS\system32\NTMARTA.DLL
0x71b70000 - 0x71b83000 	C:\WINDOWS\system32\SAMLIB.dll
0x76f30000 - 0x76f5c000 	C:\WINDOWS\system32\WLDAP32.dll
0x02ed0000 - 0x02ef0000 	D:\PROGRA~1\Adobe\ADOBEF~1\asneu.dll
0x03000000 - 0x04267000 	D:\PROGRA~1\Adobe\ADOBEF~1\en\Configuration\FlashResources.dll
0x72f70000 - 0x72f96000 	C:\WINDOWS\system32\WINSPOOL.DRV
0x74be0000 - 0x74c0c000 	C:\WINDOWS\system32\OLEACC.dll
0x75ff0000 - 0x76055000 	C:\WINDOWS\system32\MSVCP60.dll
0x73640000 - 0x7366e000 	C:\WINDOWS\system32\msctfime.ime
0x30000000 - 0x3056e000 	D:\PROGRA~1\Adobe\ADOBEF~1\Common\Configuration\authplay.dll
0x765e0000 - 0x76673000 	C:\WINDOWS\system32\CRYPT32.dll
0x76db0000 - 0x76dc2000 	C:\WINDOWS\system32\MSASN1.dll
0x73aa0000 - 0x73ab5000 	C:\WINDOWS\system32\mscms.dll
0x76fa0000 - 0x7701f000 	C:\WINDOWS\system32\CLBCATQ.DLL
0x77020000 - 0x770ba000 	C:\WINDOWS\system32\COMRes.dll
0x74cf0000 - 0x74d81000 	C:\WINDOWS\system32\mlang.dll
0x72c90000 - 0x72c99000 	C:\WINDOWS\system32\wdmaud.drv
0x76c00000 - 0x76c2e000 	C:\WINDOWS\system32\WINTRUST.dll
0x76c60000 - 0x76c88000 	C:\WINDOWS\system32\IMAGEHLP.dll
0x72c80000 - 0x72c88000 	C:\WINDOWS\system32\msacm32.drv
0x77ba0000 - 0x77ba7000 	C:\WINDOWS\system32\midimap.dll
0x759d0000 - 0x75a7f000 	C:\WINDOWS\system32\USERENV.dll
0x767c0000 - 0x767e8000 	C:\WINDOWS\system32\schannel.dll
0x05930000 - 0x05986000 	D:\PROGRA~1\Adobe\ADOBEF~1\PlugPlug.dll
0x05990000 - 0x059da000 	D:\PROGRA~1\Adobe\ADOBEF~1\BIB.dll
0x059e0000 - 0x05a8a000 	D:\PROGRA~1\Adobe\ADOBEF~1\AXEDOMCore.dll
0x05bb0000 - 0x05bf4000 	C:\Program Files\Common Files\Adobe\CS4ServiceManager\CSI-Launcher.dll
0x76960000 - 0x76984000 	C:\WINDOWS\system32\ntshrui.dll
0x76af0000 - 0x76b01000 	C:\WINDOWS\system32\ATL.DLL
0x060b0000 - 0x065f9000 	C:\WINDOWS\system32\xpsp2res.dll
0x06800000 - 0x06841000 	D:\PROGRA~1\Adobe\ADOBEF~1\BIBUtils.dll
0x06850000 - 0x06941000 	D:\PROGRA~1\Adobe\ADOBEF~1\ACE.dll
0x06a50000 - 0x07023000 	D:\PROGRA~1\Adobe\ADOBEF~1\AGM.dll
0x07030000 - 0x07082000 	D:\PROGRA~1\Adobe\ADOBEF~1\ARE.dll
0x070a0000 - 0x074d6000 	D:\PROGRA~1\Adobe\ADOBEF~1\MPS.dll
0x07500000 - 0x077ae000 	D:\PROGRA~1\Adobe\ADOBEF~1\CoolType.dll
0x73b90000 - 0x73b9b000 	C:\WINDOWS\system32\ATMLIB.dll
0x077d0000 - 0x078b3000 	D:\PROGRA~1\Adobe\ADOBEF~1\FileInfo.dll
0x078d0000 - 0x0793d000 	D:\PROGRA~1\Adobe\ADOBEF~1\AdobeXMP.dll
0x74d90000 - 0x74dfd000 	C:\WINDOWS\system32\Riched20.DLL
0x07980000 - 0x07a8a000 	D:\PROGRA~1\Adobe\ADOBEF~1\PDFPort.dll
0x07aa0000 - 0x08067000 	D:\PROGRA~1\Adobe\ADOBEF~1\AdobePDFL.dll
0x08080000 - 0x08127000 	D:\PROGRA~1\Adobe\ADOBEF~1\JP2KLib.dll
0x71a90000 - 0x71aa2000 	C:\WINDOWS\system32\MPR.dll
0x08140000 - 0x0816e000 	D:\PROGRA~1\Adobe\ADOBEF~1\AXE8SharedExpat.dll
0x09600000 - 0x0964f000 	D:\PROGRA~1\Adobe\ADOBEF~1\Common\Configuration\External Libraries\EnvBrush.dll
0x09650000 - 0x096b4000 	D:\PROGRA~1\Adobe\ADOBEF~1\Common\Configuration\External Libraries\EnvCollision.dll
0x096d0000 - 0x096e7000 	D:\PROGRA~1\Adobe\ADOBEF~1\Common\Configuration\External Libraries\EnvPointGrid.dll
0x09700000 - 0x097b8000 	D:\PROGRA~1\Adobe\ADOBEF~1\Common\Configuration\External Libraries\FlashIK.dll
0x097e0000 - 0x0982b000 	D:\PROGRA~1\Adobe\ADOBEF~1\Common\Configuration\External Libraries\FLBridge.dll
0x09850000 - 0x09867000 	D:\PROGRA~1\Adobe\ADOBEF~1\Common\Configuration\External Libraries\FLfile.dll
0x09890000 - 0x098d9000 	D:\PROGRA~1\Adobe\ADOBEF~1\en\Configuration\External Libraries\FLAir1_1.dll
0x73b30000 - 0x73b36000 	C:\WINDOWS\system32\dciman32.dll
0x6d6c0000 - 0x6d85b000 	D:\PROGRA~1\Adobe\ADOBEF~1\JVM\bin\client\jvm.dll
0x6d280000 - 0x6d288000 	D:\PROGRA~1\Adobe\ADOBEF~1\JVM\bin\hpi.dll
0x6d690000 - 0x6d69c000 	D:\PROGRA~1\Adobe\ADOBEF~1\JVM\bin\verify.dll
0x6d300000 - 0x6d31d000 	D:\PROGRA~1\Adobe\ADOBEF~1\JVM\bin\java.dll
0x6d6b0000 - 0x6d6bf000 	D:\PROGRA~1\Adobe\ADOBEF~1\JVM\bin\zip.dll
0x1e3d0000 - 0x1e653000 	D:\PROGRA~1\Adobe\ADOBEF~1\AdobeLM_libFNP.dll
0x76d30000 - 0x76d48000 	C:\WINDOWS\system32\iphlpapi.dll
0x71ee0000 - 0x71ee8000 	C:\WINDOWS\system32\snmpapi.dll
0x68000000 - 0x68036000 	C:\WINDOWS\system32\rsaenh.dll
0x719c0000 - 0x719fe000 	C:\WINDOWS\System32\mswsock.dll
0x76ef0000 - 0x76f17000 	C:\WINDOWS\system32\DNSAPI.dll
0x76f80000 - 0x76f88000 	C:\WINDOWS\System32\winrnr.dll
0x76f90000 - 0x76f96000 	C:\WINDOWS\system32\rasadhlp.dll
0x60fd0000 - 0x61025000 	C:\WINDOWS\system32\hnetcfg.dll
0x71a00000 - 0x71a08000 	C:\WINDOWS\System32\wshtcpip.dll
0x76eb0000 - 0x76eec000 	C:\WINDOWS\system32\RASAPI32.DLL
0x76e60000 - 0x76e72000 	C:\WINDOWS\system32\rasman.dll
0x76e80000 - 0x76eaf000 	C:\WINDOWS\system32\TAPI32.dll

VM Arguments:
jvm_args: -Djava.library.path=D:\PROGRA~1\Adobe\ADOBEF~1\JVM\bin -Djava.Home=D:\PROGRA~1\Adobe\ADOBEF~1\JVM -Xbootclasspath/a:; -Djava.awt.headless=true
java_command: <unknown>
Launcher Type: generic

Environment Variables:
PATH=C:\WINDOWS\system32;C:\WINDOWS;C:\WINDOWS\System32\Wbem;d:\Program Files\Samsung\Samsung PC Studio 3;D:\Program Files\MySQL\MySQL Server 5.0\bin;D:\Program Files\TortoiseSVN\bin;C:\Program Files;C:\Program Files\Common Files\Thunder Network\KanKan\Codecs;d:\Program Files\StormIII\Codec;d:\Program Files\StormIII;D:\Program Files\IDM Computer Solutions\UltraEdit\
USERNAME=rainy
OS=Windows_NT
PROCESSOR_IDENTIFIER=x86 Family 6 Model 15 Stepping 6, GenuineIntel



---------------  S Y S T E M  ---------------

OS: Windows XP Build 2600 Service Pack 3

CPU:total 2 (cores per cpu 2, threads per core 1) family 6 model 15 stepping 6, cmov, cx8, fxsr, mmx, sse, sse2

Memory: 4k page, physical 2095208k(1004964k free), swap 4194303k(3622344k free)

vm_info: Java HotSpot(TM) Client VM (1.5.0_09-b01) for windows-x86, built on Sep  7 2006 13:59:31 by "java_re" with MS VC++ 6.0

